<?xml version="1.0" encoding="UTF-8"?>
<!-- Generated by org.testng.reporters.JUnitXMLReporter -->
<testsuite hostname="vova-pc" ignored="2" name="Surefire test" tests="2" failures="2" timestamp="17 січ. 2017 16:02:05 GMT" time="0.046" errors="0">
  <testcase name="testCreateExistingRepository" time="0.005" classname="com.lohika.gap.tests.RepositoryTest">
    <failure type="java.lang.NullPointerException">
      <![CDATA[java.lang.NullPointerException
	at org.openqa.selenium.support.pagefactory.DefaultElementLocator.findElement(DefaultElementLocator.java:69)
	at org.openqa.selenium.support.pagefactory.internal.LocatingElementHandler.invoke(LocatingElementHandler.java:38)
	at com.sun.proxy.$Proxy5.isDisplayed(Unknown Source)
	at com.lohika.gap.core.Wait.isReady(Wait.java:37)
	at com.lohika.gap.core.Wait.forElement(Wait.java:47)
	at com.lohika.gap.pages.MainPage.openNewRepositoryPage(MainPage.java:24)
	at com.lohika.gap.tests.RepositoryTest.testCreateExistingRepository(RepositoryTest.java:27)
... Removed 29 stack frames]]>
    </failure>
  </testcase> <!-- testCreateExistingRepository -->
  <testcase name="testCreateNamelessRepository" time="0.0" classname="com.lohika.gap.tests.RepositoryTest">
    <failure type="java.lang.NullPointerException">
      <![CDATA[java.lang.NullPointerException
	at org.openqa.selenium.support.pagefactory.DefaultElementLocator.findElement(DefaultElementLocator.java:69)
	at org.openqa.selenium.support.pagefactory.internal.LocatingElementHandler.invoke(LocatingElementHandler.java:38)
	at com.sun.proxy.$Proxy5.isDisplayed(Unknown Source)
	at com.lohika.gap.core.Wait.isReady(Wait.java:37)
	at com.lohika.gap.core.Wait.forElement(Wait.java:47)
	at com.lohika.gap.pages.MainPage.openNewRepositoryPage(MainPage.java:24)
	at com.lohika.gap.tests.RepositoryTest.testCreateNamelessRepository(RepositoryTest.java:37)
... Removed 29 stack frames]]>
    </failure>
  </testcase> <!-- testCreateNamelessRepository -->
  <testcase name="@AfterSuite cleanMethod" time="0.0" classname="com.lohika.gap.tests.BaseTest">
    <ignored/>
  </testcase> <!-- @AfterSuite cleanMethod -->
  <testcase name="@BeforeSuite SetupMethod" time="0.0" classname="com.lohika.gap.tests.BaseTest">
    <ignored/>
  </testcase> <!-- @BeforeSuite SetupMethod -->
</testsuite> <!-- Surefire test -->
