<?xml version="1.0" encoding="UTF-8"?>
<!-- Generated by org.testng.reporters.JUnitXMLReporter -->
<testsuite hostname="vova-pc" ignored="0" name="Surefire test" tests="28" failures="0" timestamp="09 лют. 2017 16:22:36 GMT" time="192.713" errors="0">
  <testcase name="testAddExistingEmail" time="4.384" classname="com.lohika.gap.tests.ChangeSettingsTest"/>
  <testcase name="testAddNewEmail" time="4.161" classname="com.lohika.gap.tests.ChangeSettingsTest"/>
  <testcase name="testChangeEmailPreferences" time="5.046" classname="com.lohika.gap.tests.ChangeSettingsTest"/>
  <testcase name="testChangePassword_WrongNewPassword" time="4.341" classname="com.lohika.gap.tests.ChangeSettingsTest"/>
  <testcase name="testChangePassword_WrongOldPassword" time="4.421" classname="com.lohika.gap.tests.ChangeSettingsTest"/>
  <testcase name="testChangeUserProfile" time="6.871" classname="com.lohika.gap.tests.ChangeSettingsTest"/>
  <testcase name="testRemoveEmail" time="5.43" classname="com.lohika.gap.tests.ChangeSettingsTest"/>
  <testcase name="testSignout" time="2.472" classname="com.lohika.gap.tests.LoginTest"/>
  <testcase name="testSigninWithIncorrectCredentials" time="2.39" classname="com.lohika.gap.tests.LoginTest"/>
  <testcase name="testSignin" time="2.544" classname="com.lohika.gap.tests.LoginTest"/>
  <testcase name="testCreateExistingRepository" time="4.877" classname="com.lohika.gap.tests.ManageRepositoriesTest"/>
  <testcase name="testCreateNamelessRepository" time="4.316" classname="com.lohika.gap.tests.ManageRepositoriesTest"/>
  <testcase name="testCreateNewRepository" time="4.953" classname="com.lohika.gap.tests.ManageRepositoriesTest"/>
  <testcase name="testRenameRepository" time="8.593" classname="com.lohika.gap.tests.ManageRepositoriesTest"/>
  <testcase name="testRenameRepositoryToAlreadyExistingName" time="4.055" classname="com.lohika.gap.tests.ManageRepositoriesTest"/>
  <testcase name="testRemoveRepository" time="6.956" classname="com.lohika.gap.tests.ManageRepositoriesTest"/>
  <testcase name="testChangeDescriptionWithoutSaving" time="4.624" classname="com.lohika.gap.tests.RepositoryDescriptionTest"/>
  <testcase name="testRemoveCurrentDescription" time="3.1" classname="com.lohika.gap.tests.RepositoryDescriptionTest"/>
  <testcase name="testSetDescriptionWithIncorectWebpage" time="2.338" classname="com.lohika.gap.tests.RepositoryDescriptionTest"/>
  <testcase name="testSetNewDescription" time="3.262" classname="com.lohika.gap.tests.RepositoryDescriptionTest"/>
  <testcase name="testAddNewFile" time="7.877" classname="com.lohika.gap.tests.RepositoryFilesTest"/>
  <testcase name="testAddNewFile_AlreadyExists" time="4.69" classname="com.lohika.gap.tests.RepositoryFilesTest"/>
  <testcase name="testCancelAddNewFile" time="8.538" classname="com.lohika.gap.tests.RepositoryFilesTest"/>
  <testcase name="testEditFile" time="9.133" classname="com.lohika.gap.tests.RepositoryFilesTest"/>
  <testcase name="testFailedUploadFile" time="3.518" classname="com.lohika.gap.tests.RepositoryFilesTest"/>
  <testcase name="testUploadFile" time="6.727" classname="com.lohika.gap.tests.RepositoryFilesTest"/>
  <testcase name="testUploadFileViaAUTOIT" time="7.737" classname="com.lohika.gap.tests.RepositoryFilesTest"/>
  <testcase name="testRemoveFile" time="7.713" classname="com.lohika.gap.tests.RepositoryFilesTest"/>
</testsuite> <!-- Surefire test -->
