<html>
<head>
<title>TestNG:  All_negative</title>
<link href="../testng.css" rel="stylesheet" type="text/css" />
<link href="../my-testng.css" rel="stylesheet" type="text/css" />

<style type="text/css">
.log { display: none;} 
.stack-trace { display: none;} 
</style>
<script type="text/javascript">
<!--
function flip(e) {
  current = e.style.display;
  if (current == 'block') {
    e.style.display = 'none';
    return 0;
  }
  else {
    e.style.display = 'block';
    return 1;
  }
}

function toggleBox(szDivId, elem, msg1, msg2)
{
  var res = -1;  if (document.getElementById) {
    res = flip(document.getElementById(szDivId));
  }
  else if (document.all) {
    // this is the way old msie versions work
    res = flip(document.all[szDivId]);
  }
  if(elem) {
    if(res == 0) elem.innerHTML = msg1; else elem.innerHTML = msg2;
  }

}

function toggleAllBoxes() {
  if (document.getElementsByTagName) {
    d = document.getElementsByTagName('div');
    for (i = 0; i < d.length; i++) {
      if (d[i].className == 'log') {
        flip(d[i]);
      }
    }
  }
}

// -->
</script>

</head>
<body>
<h2 align='center'>All_negative</h2><table border='1' align="center">
<tr>
<td>Tests passed/Failed/Skipped:</td><td>8/3/1</td>
</tr><tr>
<td>Started on:</td><td>Tue Mar 28 18:03:55 EEST 2017</td>
</tr>
<tr><td>Total time:</td><td>210 seconds (210088 ms)</td>
</tr><tr>
<td>Included groups:</td><td>negative </td>
</tr><tr>
<td>Excluded groups:</td><td></td>
</tr>
</table><p/>
<small><i>(Hover the method name to see the test class name)</i></small><p/>
<table width='100%' border='1' class='invocation-failed'>
<tr><td colspan='4' align='center'><b>FAILED TESTS</b></td></tr>
<tr><td><b>Test method</b></td>
<td width="30%"><b>Exception</b></td>
<td width="10%"><b>Time (seconds)</b></td>
<td><b>Instance</b></td>
</tr>
<tr>
<td title='com.lohika.gap.tests.ManageRepositoriesTest.testCreateNewRepository_AlreadyExist()'><b>testCreateNewRepository_AlreadyExist</b><br>Test class: com.lohika.gap.tests.ManageRepositoriesTest</td>
<td><div><pre>org.openqa.selenium.TimeoutException: Timed out after 10s. waiting for element: Proxy element for: DefaultElementLocator &apos;By.xpath: //button[@data-disable-with=&apos;Creating repositoryâ€¦&apos;]&apos;
Build info: version: &apos;3.0.1&apos;, revision: &apos;1969d75&apos;, time: &apos;2016-10-18 09:49:13 -0700&apos;
System info: host: &apos;vova-pc&apos;, ip: &apos;172.22.90.81&apos;, os.name: &apos;Windows 7&apos;, os.arch: &apos;amd64&apos;, os.version: &apos;6.1&apos;, java.version: &apos;1.8.0_73&apos;
Driver info: driver.version: unknown
	at com.lohika.gap.core.Wait.forElement(Wait.java:43)
	at com.lohika.gap.core.BasePage.clickOnElement(BasePage.java:27)
	at com.lohika.gap.pages.NewRepositoryPage.createNewRepository(NewRepositoryPage.java:23)
	at com.lohika.gap.tests.ManageRepositoriesTest.testCreateNewRepository_AlreadyExist(ManageRepositoriesTest.java:18)
... Removed 28 stack frames</pre></div><a href='#' onClick='toggleBox("stack-trace1312963234", this, "Click to show all stack frames", "Click to hide stack frames")'>Click to show all stack frames</a>
<div class='stack-trace' id='stack-trace1312963234'><pre>org.openqa.selenium.TimeoutException: Timed out after 10s. waiting for element: Proxy element for: DefaultElementLocator &apos;By.xpath: //button[@data-disable-with=&apos;Creating repositoryâ€¦&apos;]&apos;
Build info: version: &apos;3.0.1&apos;, revision: &apos;1969d75&apos;, time: &apos;2016-10-18 09:49:13 -0700&apos;
System info: host: &apos;vova-pc&apos;, ip: &apos;172.22.90.81&apos;, os.name: &apos;Windows 7&apos;, os.arch: &apos;amd64&apos;, os.version: &apos;6.1&apos;, java.version: &apos;1.8.0_73&apos;
Driver info: driver.version: unknown
	at com.lohika.gap.core.Wait.forElement(Wait.java:43)
	at com.lohika.gap.core.BasePage.clickOnElement(BasePage.java:27)
	at com.lohika.gap.pages.NewRepositoryPage.createNewRepository(NewRepositoryPage.java:23)
	at com.lohika.gap.tests.ManageRepositoriesTest.testCreateNewRepository_AlreadyExist(ManageRepositoriesTest.java:18)
	at sun.reflect.NativeMethodAccessorImpl.invoke0(Native Method)
	at sun.reflect.NativeMethodAccessorImpl.invoke(NativeMethodAccessorImpl.java:62)
	at sun.reflect.DelegatingMethodAccessorImpl.invoke(DelegatingMethodAccessorImpl.java:43)
	at java.lang.reflect.Method.invoke(Method.java:497)
	at org.testng.internal.MethodInvocationHelper.invokeMethod(MethodInvocationHelper.java:104)
	at org.testng.internal.Invoker.invokeMethod(Invoker.java:645)
	at org.testng.internal.Invoker.invokeTestMethod(Invoker.java:851)
	at org.testng.internal.Invoker.invokeTestMethods(Invoker.java:1177)
	at org.testng.internal.TestMethodWorker.invokeTestMethods(TestMethodWorker.java:129)
	at org.testng.internal.TestMethodWorker.run(TestMethodWorker.java:112)
	at org.testng.TestRunner.privateRun(TestRunner.java:756)
	at org.testng.TestRunner.run(TestRunner.java:610)
	at org.testng.SuiteRunner.runTest(SuiteRunner.java:387)
	at org.testng.SuiteRunner.runSequentially(SuiteRunner.java:382)
	at org.testng.SuiteRunner.privateRun(SuiteRunner.java:340)
	at org.testng.SuiteRunner.run(SuiteRunner.java:289)
	at org.testng.SuiteRunnerWorker.runSuite(SuiteRunnerWorker.java:52)
	at org.testng.SuiteRunnerWorker.run(SuiteRunnerWorker.java:86)
	at org.testng.TestNG.runSuitesSequentially(TestNG.java:1293)
	at org.testng.TestNG.runSuitesLocally(TestNG.java:1218)
	at org.testng.TestNG.runSuites(TestNG.java:1133)
	at org.testng.TestNG.run(TestNG.java:1104)
	at org.apache.maven.surefire.testng.TestNGExecutor.run(TestNGExecutor.java:281)
	at org.apache.maven.surefire.testng.TestNGXmlTestSuite.execute(TestNGXmlTestSuite.java:75)
	at org.apache.maven.surefire.testng.TestNGProvider.invoke(TestNGProvider.java:121)
	at org.apache.maven.surefire.booter.ForkedBooter.invokeProviderInSameClassLoader(ForkedBooter.java:290)
	at org.apache.maven.surefire.booter.ForkedBooter.runSuitesInProcess(ForkedBooter.java:242)
	at org.apache.maven.surefire.booter.ForkedBooter.main(ForkedBooter.java:121)
</pre></div></td>
<td>59</td>
<td>com.lohika.gap.tests.ManageRepositoriesTest@26f67b76</td></tr>
<tr>
<td title='com.lohika.gap.tests.ManageRepositoriesTest.testCreateNewRepository_NoName()'><b>testCreateNewRepository_NoName</b><br>Test class: com.lohika.gap.tests.ManageRepositoriesTest</td>
<td><div><pre>org.openqa.selenium.TimeoutException: Timed out after 10s. waiting for element: Proxy element for: DefaultElementLocator &apos;By.xpath: //button[@data-disable-with=&apos;Creating repositoryâ€¦&apos;]&apos;
Build info: version: &apos;3.0.1&apos;, revision: &apos;1969d75&apos;, time: &apos;2016-10-18 09:49:13 -0700&apos;
System info: host: &apos;vova-pc&apos;, ip: &apos;172.22.90.81&apos;, os.name: &apos;Windows 7&apos;, os.arch: &apos;amd64&apos;, os.version: &apos;6.1&apos;, java.version: &apos;1.8.0_73&apos;
Driver info: driver.version: unknown
	at com.lohika.gap.core.Wait.forElement(Wait.java:43)
	at com.lohika.gap.core.BasePage.clickOnElement(BasePage.java:27)
	at com.lohika.gap.pages.NewRepositoryPage.createNewRepository(NewRepositoryPage.java:23)
	at com.lohika.gap.tests.ManageRepositoriesTest.testCreateNewRepository_NoName(ManageRepositoriesTest.java:25)
... Removed 28 stack frames</pre></div><a href='#' onClick='toggleBox("stack-trace550147359", this, "Click to show all stack frames", "Click to hide stack frames")'>Click to show all stack frames</a>
<div class='stack-trace' id='stack-trace550147359'><pre>org.openqa.selenium.TimeoutException: Timed out after 10s. waiting for element: Proxy element for: DefaultElementLocator &apos;By.xpath: //button[@data-disable-with=&apos;Creating repositoryâ€¦&apos;]&apos;
Build info: version: &apos;3.0.1&apos;, revision: &apos;1969d75&apos;, time: &apos;2016-10-18 09:49:13 -0700&apos;
System info: host: &apos;vova-pc&apos;, ip: &apos;172.22.90.81&apos;, os.name: &apos;Windows 7&apos;, os.arch: &apos;amd64&apos;, os.version: &apos;6.1&apos;, java.version: &apos;1.8.0_73&apos;
Driver info: driver.version: unknown
	at com.lohika.gap.core.Wait.forElement(Wait.java:43)
	at com.lohika.gap.core.BasePage.clickOnElement(BasePage.java:27)
	at com.lohika.gap.pages.NewRepositoryPage.createNewRepository(NewRepositoryPage.java:23)
	at com.lohika.gap.tests.ManageRepositoriesTest.testCreateNewRepository_NoName(ManageRepositoriesTest.java:25)
	at sun.reflect.NativeMethodAccessorImpl.invoke0(Native Method)
	at sun.reflect.NativeMethodAccessorImpl.invoke(NativeMethodAccessorImpl.java:62)
	at sun.reflect.DelegatingMethodAccessorImpl.invoke(DelegatingMethodAccessorImpl.java:43)
	at java.lang.reflect.Method.invoke(Method.java:497)
	at org.testng.internal.MethodInvocationHelper.invokeMethod(MethodInvocationHelper.java:104)
	at org.testng.internal.Invoker.invokeMethod(Invoker.java:645)
	at org.testng.internal.Invoker.invokeTestMethod(Invoker.java:851)
	at org.testng.internal.Invoker.invokeTestMethods(Invoker.java:1177)
	at org.testng.internal.TestMethodWorker.invokeTestMethods(TestMethodWorker.java:129)
	at org.testng.internal.TestMethodWorker.run(TestMethodWorker.java:112)
	at org.testng.TestRunner.privateRun(TestRunner.java:756)
	at org.testng.TestRunner.run(TestRunner.java:610)
	at org.testng.SuiteRunner.runTest(SuiteRunner.java:387)
	at org.testng.SuiteRunner.runSequentially(SuiteRunner.java:382)
	at org.testng.SuiteRunner.privateRun(SuiteRunner.java:340)
	at org.testng.SuiteRunner.run(SuiteRunner.java:289)
	at org.testng.SuiteRunnerWorker.runSuite(SuiteRunnerWorker.java:52)
	at org.testng.SuiteRunnerWorker.run(SuiteRunnerWorker.java:86)
	at org.testng.TestNG.runSuitesSequentially(TestNG.java:1293)
	at org.testng.TestNG.runSuitesLocally(TestNG.java:1218)
	at org.testng.TestNG.runSuites(TestNG.java:1133)
	at org.testng.TestNG.run(TestNG.java:1104)
	at org.apache.maven.surefire.testng.TestNGExecutor.run(TestNGExecutor.java:281)
	at org.apache.maven.surefire.testng.TestNGXmlTestSuite.execute(TestNGXmlTestSuite.java:75)
	at org.apache.maven.surefire.testng.TestNGProvider.invoke(TestNGProvider.java:121)
	at org.apache.maven.surefire.booter.ForkedBooter.invokeProviderInSameClassLoader(ForkedBooter.java:290)
	at org.apache.maven.surefire.booter.ForkedBooter.runSuitesInProcess(ForkedBooter.java:242)
	at org.apache.maven.surefire.booter.ForkedBooter.main(ForkedBooter.java:121)
</pre></div></td>
<td>59</td>
<td>com.lohika.gap.tests.ManageRepositoriesTest@26f67b76</td></tr>
<tr>
<td title='com.lohika.gap.tests.LoginTest.testSignout()'><b>testSignout</b><br>Test class: com.lohika.gap.tests.LoginTest</td>
<td><div><pre>java.lang.AssertionError: User is not signed out expected [The world&apos;s leading software development platform Â· GitHub] but found [The world&apos;s leading software development platform · GitHub]
	at com.lohika.gap.tests.LoginTest.testSignout(LoginTest.java:13)
... Removed 33 stack frames</pre></div><a href='#' onClick='toggleBox("stack-trace1855261647", this, "Click to show all stack frames", "Click to hide stack frames")'>Click to show all stack frames</a>
<div class='stack-trace' id='stack-trace1855261647'><pre>java.lang.AssertionError: User is not signed out expected [The world&apos;s leading software development platform Â· GitHub] but found [The world&apos;s leading software development platform · GitHub]
	at org.testng.Assert.fail(Assert.java:94)
	at org.testng.Assert.failNotEquals(Assert.java:513)
	at org.testng.Assert.assertEqualsImpl(Assert.java:135)
	at org.testng.Assert.assertEquals(Assert.java:116)
	at org.testng.Assert.assertEquals(Assert.java:190)
	at com.lohika.gap.tests.LoginTest.testSignout(LoginTest.java:13)
	at sun.reflect.NativeMethodAccessorImpl.invoke0(Native Method)
	at sun.reflect.NativeMethodAccessorImpl.invoke(NativeMethodAccessorImpl.java:62)
	at sun.reflect.DelegatingMethodAccessorImpl.invoke(DelegatingMethodAccessorImpl.java:43)
	at java.lang.reflect.Method.invoke(Method.java:497)
	at org.testng.internal.MethodInvocationHelper.invokeMethod(MethodInvocationHelper.java:104)
	at org.testng.internal.Invoker.invokeMethod(Invoker.java:645)
	at org.testng.internal.Invoker.invokeTestMethod(Invoker.java:851)
	at org.testng.internal.Invoker.invokeTestMethods(Invoker.java:1177)
	at org.testng.internal.TestMethodWorker.invokeTestMethods(TestMethodWorker.java:129)
	at org.testng.internal.TestMethodWorker.run(TestMethodWorker.java:112)
	at org.testng.TestRunner.privateRun(TestRunner.java:756)
	at org.testng.TestRunner.run(TestRunner.java:610)
	at org.testng.SuiteRunner.runTest(SuiteRunner.java:387)
	at org.testng.SuiteRunner.runSequentially(SuiteRunner.java:382)
	at org.testng.SuiteRunner.privateRun(SuiteRunner.java:340)
	at org.testng.SuiteRunner.run(SuiteRunner.java:289)
	at org.testng.SuiteRunnerWorker.runSuite(SuiteRunnerWorker.java:52)
	at org.testng.SuiteRunnerWorker.run(SuiteRunnerWorker.java:86)
	at org.testng.TestNG.runSuitesSequentially(TestNG.java:1293)
	at org.testng.TestNG.runSuitesLocally(TestNG.java:1218)
	at org.testng.TestNG.runSuites(TestNG.java:1133)
	at org.testng.TestNG.run(TestNG.java:1104)
	at org.apache.maven.surefire.testng.TestNGExecutor.run(TestNGExecutor.java:281)
	at org.apache.maven.surefire.testng.TestNGXmlTestSuite.execute(TestNGXmlTestSuite.java:75)
	at org.apache.maven.surefire.testng.TestNGProvider.invoke(TestNGProvider.java:121)
	at org.apache.maven.surefire.booter.ForkedBooter.invokeProviderInSameClassLoader(ForkedBooter.java:290)
	at org.apache.maven.surefire.booter.ForkedBooter.runSuitesInProcess(ForkedBooter.java:242)
	at org.apache.maven.surefire.booter.ForkedBooter.main(ForkedBooter.java:121)
</pre></div></td>
<td>2</td>
<td>com.lohika.gap.tests.LoginTest@13a57a3b</td></tr>
</table><p>
<table width='100%' border='1' class='invocation-passed'>
<tr><td colspan='4' align='center'><b>PASSED TESTS</b></td></tr>
<tr><td><b>Test method</b></td>
<td width="30%"><b>Exception</b></td>
<td width="10%"><b>Time (seconds)</b></td>
<td><b>Instance</b></td>
</tr>
<tr>
<td title='com.lohika.gap.tests.ChangeSettingsTest.testAddNewEmail_AlreadyExist()'><b>testAddNewEmail_AlreadyExist</b><br>Test class: com.lohika.gap.tests.ChangeSettingsTest</td>
<td></td>
<td>4</td>
<td>com.lohika.gap.tests.ChangeSettingsTest@69d9c55</td></tr>
<tr>
<td title='com.lohika.gap.tests.RepositoryFilesTest.testAddNewFile_AlreadyExists()'><b>testAddNewFile_AlreadyExists</b><br>Test class: com.lohika.gap.tests.RepositoryFilesTest</td>
<td></td>
<td>6</td>
<td>com.lohika.gap.tests.RepositoryFilesTest@7f560810</td></tr>
<tr>
<td title='com.lohika.gap.tests.RepositoryFilesTest.testAddNewFile_Canceled()'><b>testAddNewFile_Canceled</b><br>Test class: com.lohika.gap.tests.RepositoryFilesTest</td>
<td></td>
<td>10</td>
<td>com.lohika.gap.tests.RepositoryFilesTest@7f560810</td></tr>
<tr>
<td title='com.lohika.gap.tests.ChangeSettingsTest.testChangePassword_WrongNewPassword()'><b>testChangePassword_WrongNewPassword</b><br>Test class: com.lohika.gap.tests.ChangeSettingsTest</td>
<td></td>
<td>4</td>
<td>com.lohika.gap.tests.ChangeSettingsTest@69d9c55</td></tr>
<tr>
<td title='com.lohika.gap.tests.ChangeSettingsTest.testChangePassword_WrongOldPassword()'><b>testChangePassword_WrongOldPassword</b><br>Test class: com.lohika.gap.tests.ChangeSettingsTest</td>
<td></td>
<td>4</td>
<td>com.lohika.gap.tests.ChangeSettingsTest@69d9c55</td></tr>
<tr>
<td title='com.lohika.gap.tests.ManageRepositoriesTest.testRenameRepository_NameAlreadyExist()'><b>testRenameRepository_NameAlreadyExist</b><br>Test class: com.lohika.gap.tests.ManageRepositoriesTest</td>
<td></td>
<td>5</td>
<td>com.lohika.gap.tests.ManageRepositoriesTest@26f67b76</td></tr>
<tr>
<td title='com.lohika.gap.tests.RepositoryDescriptionTest.testSetNewDescription_IncorectWebpage()'><b>testSetNewDescription_IncorectWebpage</b><br>Test class: com.lohika.gap.tests.RepositoryDescriptionTest</td>
<td></td>
<td>3</td>
<td>com.lohika.gap.tests.RepositoryDescriptionTest@153f5a29</td></tr>
<tr>
<td title='com.lohika.gap.tests.RepositoryFilesTest.testUploadFile_Failed()'><b>testUploadFile_Failed</b><br>Test class: com.lohika.gap.tests.RepositoryFilesTest</td>
<td></td>
<td>5</td>
<td>com.lohika.gap.tests.RepositoryFilesTest@7f560810</td></tr>
</table><p>
<table width='100%' border='1' class='invocation-skipped'>
<tr><td colspan='4' align='center'><b>SKIPPED TESTS</b></td></tr>
<tr><td><b>Test method</b></td>
<td width="30%"><b>Exception</b></td>
<td width="10%"><b>Time (seconds)</b></td>
<td><b>Instance</b></td>
</tr>
<tr>
<td title='com.lohika.gap.tests.LoginTest.testSignin_IncorrectCredentials()'><b>testSignin_IncorrectCredentials</b><br>Test class: com.lohika.gap.tests.LoginTest</td>
<td><div><pre>java.lang.Throwable: Method LoginTest.testSignin_IncorrectCredentials()[pri:0, instance:com.lohika.gap.tests.LoginTest@13a57a3b] depends on not successfully finished methods
... Removed 21 stack frames</pre></div><a href='#' onClick='toggleBox("stack-trace373378624", this, "Click to show all stack frames", "Click to hide stack frames")'>Click to show all stack frames</a>
<div class='stack-trace' id='stack-trace373378624'><pre>java.lang.Throwable: Method LoginTest.testSignin_IncorrectCredentials()[pri:0, instance:com.lohika.gap.tests.LoginTest@13a57a3b] depends on not successfully finished methods
	at org.testng.internal.Invoker.invokeTestMethods(Invoker.java:1068)
	at org.testng.internal.TestMethodWorker.invokeTestMethods(TestMethodWorker.java:129)
	at org.testng.internal.TestMethodWorker.run(TestMethodWorker.java:112)
	at org.testng.TestRunner.privateRun(TestRunner.java:756)
	at org.testng.TestRunner.run(TestRunner.java:610)
	at org.testng.SuiteRunner.runTest(SuiteRunner.java:387)
	at org.testng.SuiteRunner.runSequentially(SuiteRunner.java:382)
	at org.testng.SuiteRunner.privateRun(SuiteRunner.java:340)
	at org.testng.SuiteRunner.run(SuiteRunner.java:289)
	at org.testng.SuiteRunnerWorker.runSuite(SuiteRunnerWorker.java:52)
	at org.testng.SuiteRunnerWorker.run(SuiteRunnerWorker.java:86)
	at org.testng.TestNG.runSuitesSequentially(TestNG.java:1293)
	at org.testng.TestNG.runSuitesLocally(TestNG.java:1218)
	at org.testng.TestNG.runSuites(TestNG.java:1133)
	at org.testng.TestNG.run(TestNG.java:1104)
	at org.apache.maven.surefire.testng.TestNGExecutor.run(TestNGExecutor.java:281)
	at org.apache.maven.surefire.testng.TestNGXmlTestSuite.execute(TestNGXmlTestSuite.java:75)
	at org.apache.maven.surefire.testng.TestNGProvider.invoke(TestNGProvider.java:121)
	at org.apache.maven.surefire.booter.ForkedBooter.invokeProviderInSameClassLoader(ForkedBooter.java:290)
	at org.apache.maven.surefire.booter.ForkedBooter.runSuitesInProcess(ForkedBooter.java:242)
	at org.apache.maven.surefire.booter.ForkedBooter.main(ForkedBooter.java:121)
</pre></div></td>
<td>0</td>
<td>null</td></tr>
</table><p>
</body>
</html>