<?xml version="1.0" encoding="UTF-8"?>
<!-- Generated by org.testng.reporters.JUnitXMLReporter -->
<testsuite hostname="vova-pc" ignored="17" name="All_negative" tests="12" failures="3" timestamp="28 бер. 2017 15:07:25 GMT" time="210.088" errors="0">
  <testcase name="testCreateNewRepository_AlreadyExist" time="59.337" classname="com.lohika.gap.tests.ManageRepositoriesTest">
    <failure type="org.openqa.selenium.TimeoutException" message="Timed out after 10s. waiting for element: Proxy element for: DefaultElementLocator &amp;apos;By.xpath: //button[@data-disable-with=&amp;apos;Creating repositoryвЂ¦&amp;apos;]&amp;apos;
Build info: version: &amp;apos;3.0.1&amp;apos;, revision: &amp;apos;1969d75&amp;apos;, time: &amp;apos;2016-10-18 09:49:13 -0700&amp;apos;
System info: host: &amp;apos;vova-pc&amp;apos;, ip: &amp;apos;172.22.90.81&amp;apos;, os.name: &amp;apos;Windows 7&amp;apos;, os.arch: &amp;apos;amd64&amp;apos;, os.version: &amp;apos;6.1&amp;apos;, java.version: &amp;apos;1.8.0_73&amp;apos;
Driver info: driver.version: unknown">
      <![CDATA[org.openqa.selenium.TimeoutException: Timed out after 10s. waiting for element: Proxy element for: DefaultElementLocator 'By.xpath: //button[@data-disable-with='Creating repositoryвЂ¦']'
Build info: version: '3.0.1', revision: '1969d75', time: '2016-10-18 09:49:13 -0700'
System info: host: 'vova-pc', ip: '172.22.90.81', os.name: 'Windows 7', os.arch: 'amd64', os.version: '6.1', java.version: '1.8.0_73'
Driver info: driver.version: unknown
	at com.lohika.gap.core.Wait.forElement(Wait.java:43)
	at com.lohika.gap.core.BasePage.clickOnElement(BasePage.java:27)
	at com.lohika.gap.pages.NewRepositoryPage.createNewRepository(NewRepositoryPage.java:23)
	at com.lohika.gap.tests.ManageRepositoriesTest.testCreateNewRepository_AlreadyExist(ManageRepositoriesTest.java:18)
... Removed 28 stack frames]]>
    </failure>
  </testcase> <!-- testCreateNewRepository_AlreadyExist -->
  <testcase name="testCreateNewRepository_NoName" time="59.727" classname="com.lohika.gap.tests.ManageRepositoriesTest">
    <failure type="org.openqa.selenium.TimeoutException" message="Timed out after 10s. waiting for element: Proxy element for: DefaultElementLocator &amp;apos;By.xpath: //button[@data-disable-with=&amp;apos;Creating repositoryвЂ¦&amp;apos;]&amp;apos;
Build info: version: &amp;apos;3.0.1&amp;apos;, revision: &amp;apos;1969d75&amp;apos;, time: &amp;apos;2016-10-18 09:49:13 -0700&amp;apos;
System info: host: &amp;apos;vova-pc&amp;apos;, ip: &amp;apos;172.22.90.81&amp;apos;, os.name: &amp;apos;Windows 7&amp;apos;, os.arch: &amp;apos;amd64&amp;apos;, os.version: &amp;apos;6.1&amp;apos;, java.version: &amp;apos;1.8.0_73&amp;apos;
Driver info: driver.version: unknown">
      <![CDATA[org.openqa.selenium.TimeoutException: Timed out after 10s. waiting for element: Proxy element for: DefaultElementLocator 'By.xpath: //button[@data-disable-with='Creating repositoryвЂ¦']'
Build info: version: '3.0.1', revision: '1969d75', time: '2016-10-18 09:49:13 -0700'
System info: host: 'vova-pc', ip: '172.22.90.81', os.name: 'Windows 7', os.arch: 'amd64', os.version: '6.1', java.version: '1.8.0_73'
Driver info: driver.version: unknown
	at com.lohika.gap.core.Wait.forElement(Wait.java:43)
	at com.lohika.gap.core.BasePage.clickOnElement(BasePage.java:27)
	at com.lohika.gap.pages.NewRepositoryPage.createNewRepository(NewRepositoryPage.java:23)
	at com.lohika.gap.tests.ManageRepositoriesTest.testCreateNewRepository_NoName(ManageRepositoriesTest.java:25)
... Removed 28 stack frames]]>
    </failure>
  </testcase> <!-- testCreateNewRepository_NoName -->
  <testcase name="testRenameRepository_NameAlreadyExist" time="5.915" classname="com.lohika.gap.tests.ManageRepositoriesTest"/>
  <testcase name="testSetNewDescription_IncorectWebpage" time="3.264" classname="com.lohika.gap.tests.RepositoryDescriptionTest"/>
  <testcase name="testAddNewFile_AlreadyExists" time="6.379" classname="com.lohika.gap.tests.RepositoryFilesTest"/>
  <testcase name="testAddNewFile_Canceled" time="10.52" classname="com.lohika.gap.tests.RepositoryFilesTest"/>
  <testcase name="testUploadFile_Failed" time="5.161" classname="com.lohika.gap.tests.RepositoryFilesTest"/>
  <testcase name="testAddNewEmail_AlreadyExist" time="4.48" classname="com.lohika.gap.tests.ChangeSettingsTest"/>
  <testcase name="testChangePassword_WrongNewPassword" time="4.536" classname="com.lohika.gap.tests.ChangeSettingsTest"/>
  <testcase name="testChangePassword_WrongOldPassword" time="4.103" classname="com.lohika.gap.tests.ChangeSettingsTest"/>
  <testcase name="testSignout" time="2.682" classname="com.lohika.gap.tests.LoginTest">
    <failure type="java.lang.AssertionError" message="User is not signed out expected [The world&amp;apos;s leading software development platform В· GitHub] but found [The world&amp;apos;s leading software development platform · GitHub]">
      <![CDATA[java.lang.AssertionError: User is not signed out expected [The world's leading software development platform В· GitHub] but found [The world's leading software development platform · GitHub]
	at com.lohika.gap.tests.LoginTest.testSignout(LoginTest.java:13)
... Removed 33 stack frames]]>
    </failure>
  </testcase> <!-- testSignout -->
  <testcase name="testSignin_IncorrectCredentials" time="0.0" classname="com.lohika.gap.tests.LoginTest">
    <skipped/>
  </testcase> <!-- testSignin_IncorrectCredentials -->
  <testcase name="testRemoveEmail" time="0.0" classname="com.lohika.gap.tests.ChangeSettingsTest">
    <ignored/>
  </testcase> <!-- testRemoveEmail -->
  <testcase name="testCreateNewRepository" time="0.0" classname="com.lohika.gap.tests.ManageRepositoriesTest">
    <ignored/>
  </testcase> <!-- testCreateNewRepository -->
  <testcase name="testRemoveCurrentDescription" time="0.0" classname="com.lohika.gap.tests.RepositoryDescriptionTest">
    <ignored/>
  </testcase> <!-- testRemoveCurrentDescription -->
  <testcase name="testRemoveFile" time="0.0" classname="com.lohika.gap.tests.RepositoryFilesTest">
    <ignored/>
  </testcase> <!-- testRemoveFile -->
  <testcase name="testSetNewDescription" time="0.0" classname="com.lohika.gap.tests.RepositoryDescriptionTest">
    <ignored/>
  </testcase> <!-- testSetNewDescription -->
  <testcase name="testEditFile" time="0.0" classname="com.lohika.gap.tests.RepositoryFilesTest">
    <ignored/>
  </testcase> <!-- testEditFile -->
  <testcase name="testAddNewEmail" time="0.0" classname="com.lohika.gap.tests.ChangeSettingsTest">
    <ignored/>
  </testcase> <!-- testAddNewEmail -->
  <testcase name="testSetNewDescription_Canceled" time="0.0" classname="com.lohika.gap.tests.RepositoryDescriptionTest">
    <ignored/>
  </testcase> <!-- testSetNewDescription_Canceled -->
  <testcase name="testChangeUserProfile" time="0.0" classname="com.lohika.gap.tests.ChangeSettingsTest">
    <ignored/>
  </testcase> <!-- testChangeUserProfile -->
  <testcase name="testSignin" time="0.0" classname="com.lohika.gap.tests.LoginTest">
    <ignored/>
  </testcase> <!-- testSignin -->
  <testcase name="testRemoveRepository" time="0.0" classname="com.lohika.gap.tests.ManageRepositoriesTest">
    <ignored/>
  </testcase> <!-- testRemoveRepository -->
  <testcase name="testOpenGooglePage" time="0.0" classname="com.lohika.gap.tests.ChangeSettingsTest">
    <ignored/>
  </testcase> <!-- testOpenGooglePage -->
  <testcase name="testUploadFile" time="0.0" classname="com.lohika.gap.tests.RepositoryFilesTest">
    <ignored/>
  </testcase> <!-- testUploadFile -->
  <testcase name="testChangeEmailPreferences" time="0.0" classname="com.lohika.gap.tests.ChangeSettingsTest">
    <ignored/>
  </testcase> <!-- testChangeEmailPreferences -->
  <testcase name="testRenameRepository" time="0.0" classname="com.lohika.gap.tests.ManageRepositoriesTest">
    <ignored/>
  </testcase> <!-- testRenameRepository -->
  <testcase name="testUploadFileViaAUTOIT" time="0.0" classname="com.lohika.gap.tests.RepositoryFilesTest">
    <ignored/>
  </testcase> <!-- testUploadFileViaAUTOIT -->
  <testcase name="testAddNewFile" time="0.0" classname="com.lohika.gap.tests.RepositoryFilesTest">
    <ignored/>
  </testcase> <!-- testAddNewFile -->
</testsuite> <!-- All_negative -->
