<?xml version="1.0" encoding="UTF-8"?>
<!-- Generated by org.testng.reporters.JUnitXMLReporter -->
<testsuite hostname="vova-pc" ignored="0" name="repositories" tests="28" failures="0" timestamp="23 лют. 2017 13:52:52 GMT" time="190.309" errors="0">
  <testcase name="testCreateNewRepository" time="5.292" classname="com.lohika.gap.tests.ManageRepositoriesTest"/>
  <testcase name="testCreateNewRepository_AlreadyExist" time="5.389" classname="com.lohika.gap.tests.ManageRepositoriesTest"/>
  <testcase name="testCreateNewRepository_NoName" time="4.404" classname="com.lohika.gap.tests.ManageRepositoriesTest"/>
  <testcase name="testRenameRepository" time="8.217" classname="com.lohika.gap.tests.ManageRepositoriesTest"/>
  <testcase name="testRenameRepository_NameAlreadyExist" time="3.923" classname="com.lohika.gap.tests.ManageRepositoriesTest"/>
  <testcase name="testRemoveRepository" time="5.728" classname="com.lohika.gap.tests.ManageRepositoriesTest"/>
  <testcase name="testRemoveCurrentDescription" time="4.434" classname="com.lohika.gap.tests.RepositoryDescriptionTest"/>
  <testcase name="testSetNewDescription" time="3.463" classname="com.lohika.gap.tests.RepositoryDescriptionTest"/>
  <testcase name="testSetNewDescription_Canceled" time="2.149" classname="com.lohika.gap.tests.RepositoryDescriptionTest"/>
  <testcase name="testSetNewDescription_IncorectWebpage" time="2.229" classname="com.lohika.gap.tests.RepositoryDescriptionTest"/>
  <testcase name="testAddNewFile" time="6.849" classname="com.lohika.gap.tests.RepositoryFilesTest"/>
  <testcase name="testAddNewFile_AlreadyExists" time="6.843" classname="com.lohika.gap.tests.RepositoryFilesTest"/>
  <testcase name="testAddNewFile_Canceled" time="9.967" classname="com.lohika.gap.tests.RepositoryFilesTest"/>
  <testcase name="testEditFile" time="8.087" classname="com.lohika.gap.tests.RepositoryFilesTest"/>
  <testcase name="testUploadFile" time="8.57" classname="com.lohika.gap.tests.RepositoryFilesTest"/>
  <testcase name="testUploadFileViaAUTOIT" time="8.058" classname="com.lohika.gap.tests.RepositoryFilesTest"/>
  <testcase name="testUploadFile_Failed" time="3.47" classname="com.lohika.gap.tests.RepositoryFilesTest"/>
  <testcase name="testRemoveFile" time="6.046" classname="com.lohika.gap.tests.RepositoryFilesTest"/>
  <testcase name="testAddNewEmail" time="4.397" classname="com.lohika.gap.tests.ChangeSettingsTest"/>
  <testcase name="testAddNewEmail_AlreadyExist" time="4.403" classname="com.lohika.gap.tests.ChangeSettingsTest"/>
  <testcase name="testChangeEmailPreferences" time="4.819" classname="com.lohika.gap.tests.ChangeSettingsTest"/>
  <testcase name="testChangePassword_WrongNewPassword" time="4.393" classname="com.lohika.gap.tests.ChangeSettingsTest"/>
  <testcase name="testChangePassword_WrongOldPassword" time="4.007" classname="com.lohika.gap.tests.ChangeSettingsTest"/>
  <testcase name="testChangeUserProfile" time="6.498" classname="com.lohika.gap.tests.ChangeSettingsTest"/>
  <testcase name="testRemoveEmail" time="4.426" classname="com.lohika.gap.tests.ChangeSettingsTest"/>
  <testcase name="testSignout" time="2.411" classname="com.lohika.gap.tests.LoginTest"/>
  <testcase name="testSignin_IncorrectCredentials" time="2.393" classname="com.lohika.gap.tests.LoginTest"/>
  <testcase name="testSignin" time="2.533" classname="com.lohika.gap.tests.LoginTest"/>
</testsuite> <!-- repositories -->
