<?xml version="1.0" encoding="UTF-8"?>
<testsuite xmlns:xsi="http://www.w3.org/2001/XMLSchema-instance" xsi:schemaLocation="https://maven.apache.org/surefire/maven-surefire-plugin/xsd/surefire-test-report.xsd" name="TestSuite" time="245.956" tests="34" errors="0" skipped="0" failures="1">
  <properties>
[...]
</properties>
  <testcase name="testCreateNewRepository" classname="com.lohika.gap.tests.ManageRepositoriesTest" time="7.762"/>
  <testcase name="testCreateNewRepository_Failed" classname="com.lohika.gap.tests.ManageRepositoriesTest" time="8.619"/>
  <testcase name="testCreateNewRepository_Failed" classname="com.lohika.gap.tests.ManageRepositoriesTest" time="6.457"/>
  <testcase name="testRenameRepository" classname="com.lohika.gap.tests.ManageRepositoriesTest" time="8.303"/>
  <testcase name="testRenameRepository_NameAlreadyExist" classname="com.lohika.gap.tests.ManageRepositoriesTest" time="3.982"/>
  <testcase name="testRemoveRepository" classname="com.lohika.gap.tests.ManageRepositoriesTest" time="6.377"/>
  <testcase name="testSetNewDescription" classname="com.lohika.gap.tests.RepositoryDescriptionTest" time="5.634"/>
  <testcase name="testSetNewDescription" classname="com.lohika.gap.tests.RepositoryDescriptionTest" time="3.189"/>
  <testcase name="testSetNewDescription" classname="com.lohika.gap.tests.RepositoryDescriptionTest" time="3.139"/>
  <testcase name="testSetNewDescription_Canceled" classname="com.lohika.gap.tests.RepositoryDescriptionTest" time="2.149"/>
  <testcase name="testSetNewDescription_IncorectWebpage" classname="com.lohika.gap.tests.RepositoryDescriptionTest" time="2.083"/>
  <testcase name="testAddNewFile" classname="com.lohika.gap.tests.RepositoryFilesTest" time="9.57"/>
  <testcase name="testAddNewFile_AlreadyExists" classname="com.lohika.gap.tests.RepositoryFilesTest" time="6.124"/>
  <testcase name="testAddNewFile_Canceled" classname="com.lohika.gap.tests.RepositoryFilesTest" time="11.946"/>
  <testcase name="testEditFile" classname="com.lohika.gap.tests.RepositoryFilesTest" time="11.29"/>
  <testcase name="testUploadFile" classname="com.lohika.gap.tests.RepositoryFilesTest" time="11.818"/>
  <testcase name="testUploadFileViaAUTOIT" classname="com.lohika.gap.tests.RepositoryFilesTest" time="11.268"/>
  <testcase name="testUploadFile_Failed" classname="com.lohika.gap.tests.RepositoryFilesTest" time="3.387"/>
  <testcase name="testRemoveFile" classname="com.lohika.gap.tests.RepositoryFilesTest" time="7.547"/>
  <testcase name="testAddNewEmail" classname="com.lohika.gap.tests.ChangeSettingsTest" time="4.346"/>
  <testcase name="testAddNewEmail_AlreadyExist" classname="com.lohika.gap.tests.ChangeSettingsTest" time="4.574"/>
  <testcase name="testChangeEmailPreferences" classname="com.lohika.gap.tests.ChangeSettingsTest" time="7.54"/>
  <testcase name="testChangePassword_failed" classname="com.lohika.gap.tests.ChangeSettingsTest" time="4.348"/>
  <testcase name="testChangePassword_failed" classname="com.lohika.gap.tests.ChangeSettingsTest" time="4.568"/>
  <testcase name="testChangePassword_failed" classname="com.lohika.gap.tests.ChangeSettingsTest" time="0.392">
    <failure message="element not visible&#10;  (Session info: chrome=57.0.2987.133)&#10;  (Driver info: chromedriver=2.29.461591 (62ebf098771772160f391d75e589dc567915b233),platform=Windows NT 6.1.7601 SP1 x86_64) (WARNING: The server did not provide any stacktrace information)&#10;Command duration or timeout: 77 milliseconds&#10;Build info: version: &apos;3.0.1&apos;, revision: &apos;1969d75&apos;, time: &apos;2016-10-18 09:49:13 -0700&apos;&#10;System info: host: &apos;vova-pc&apos;, ip: &apos;172.22.160.112&apos;, os.name: &apos;Windows 7&apos;, os.arch: &apos;amd64&apos;, os.version: &apos;6.1&apos;, java.version: &apos;1.8.0_73&apos;&#10;Driver info: org.openqa.selenium.chrome.ChromeDriver&#10;Capabilities [{applicationCacheEnabled=false, rotatable=false, mobileEmulationEnabled=false, networkConnectionEnabled=false, chrome={chromedriverVersion=2.29.461591 (62ebf098771772160f391d75e589dc567915b233), userDataDir=C:\Users\vova\AppData\Local\Temp\scoped_dir6896_7591}, takesHeapSnapshot=true, pageLoadStrategy=normal, databaseEnabled=false, handlesAlerts=true, hasTouchScreen=false, version=57.0.2987.133, platform=XP, browserConnectionEnabled=false, nativeEvents=true, acceptSslCerts=true, locationContextEnabled=true, webStorageEnabled=true, browserName=chrome, takesScreenshot=true, javascriptEnabled=true, cssSelectorsEnabled=true, unexpectedAlertBehaviour=}]&#10;Session ID: 8d8f5021507dd16dfe879a48b9d36450" type="org.openqa.selenium.ElementNotVisibleException">org.openqa.selenium.ElementNotVisibleException: 
element not visible
  (Session info: chrome=57.0.2987.133)
  (Driver info: chromedriver=2.29.461591 (62ebf098771772160f391d75e589dc567915b233),platform=Windows NT 6.1.7601 SP1 x86_64) (WARNING: The server did not provide any stacktrace information)
Command duration or timeout: 77 milliseconds
Build info: version: '3.0.1', revision: '1969d75', time: '2016-10-18 09:49:13 -0700'
System info: host: 'vova-pc', ip: '172.22.160.112', os.name: 'Windows 7', os.arch: 'amd64', os.version: '6.1', java.version: '1.8.0_73'
Driver info: org.openqa.selenium.chrome.ChromeDriver
Capabilities [{applicationCacheEnabled=false, rotatable=false, mobileEmulationEnabled=false, networkConnectionEnabled=false, chrome={chromedriverVersion=2.29.461591 (62ebf098771772160f391d75e589dc567915b233), userDataDir=C:\Users\vova\AppData\Local\Temp\scoped_dir6896_7591}, takesHeapSnapshot=true, pageLoadStrategy=normal, databaseEnabled=false, handlesAlerts=true, hasTouchScreen=false, version=57.0.2987.133, platform=XP, browserConnectionEnabled=false, nativeEvents=true, acceptSslCerts=true, locationContextEnabled=true, webStorageEnabled=true, browserName=chrome, takesScreenshot=true, javascriptEnabled=true, cssSelectorsEnabled=true, unexpectedAlertBehaviour=}]
Session ID: 8d8f5021507dd16dfe879a48b9d36450
	at com.lohika.gap.tests.ChangeSettingsTest.testChangePassword_failed(ChangeSettingsTest.java:20)
</failure>
  </testcase>
  <testcase name="testChangeUserProfile" classname="com.lohika.gap.tests.ChangeSettingsTest" time="6.602"/>
  <testcase name="testRemoveEmail" classname="com.lohika.gap.tests.ChangeSettingsTest" time="5.237"/>
  <testcase name="testSignout" classname="com.lohika.gap.tests.LoginTest" time="2.789"/>
  <testcase name="testSignin_IncorrectCredentials" classname="com.lohika.gap.tests.LoginTest" time="1.394"/>
  <testcase name="testSignin_IncorrectCredentials" classname="com.lohika.gap.tests.LoginTest" time="1.624"/>
  <testcase name="testSignin_IncorrectCredentials" classname="com.lohika.gap.tests.LoginTest" time="1.214"/>
  <testcase name="testSignin_IncorrectCredentials" classname="com.lohika.gap.tests.LoginTest" time="1.228"/>
  <testcase name="testSignin_IncorrectCredentials" classname="com.lohika.gap.tests.LoginTest" time="1.227"/>
  <testcase name="testSignin" classname="com.lohika.gap.tests.LoginTest" time="3.959"/>
</testsuite>