<?xml version="1.0" encoding="UTF-8"?>
<testsuite xmlns:xsi="http://www.w3.org/2001/XMLSchema-instance" xsi:schemaLocation="https://maven.apache.org/surefire/maven-surefire-plugin/xsd/surefire-test-report.xsd" name="TestSuite" time="190.958" tests="28" errors="0" skipped="0" failures="0">
  <properties>
[...]
</properties>
  <testcase name="testCreateNewRepository" classname="com.lohika.gap.tests.ManageRepositoriesTest" time="5.282"/>
  <testcase name="testCreateNewRepository_AlreadyExist" classname="com.lohika.gap.tests.ManageRepositoriesTest" time="5.385"/>
  <testcase name="testCreateNewRepository_NoName" classname="com.lohika.gap.tests.ManageRepositoriesTest" time="4.405"/>
  <testcase name="testRenameRepository" classname="com.lohika.gap.tests.ManageRepositoriesTest" time="8.217"/>
  <testcase name="testRenameRepository_NameAlreadyExist" classname="com.lohika.gap.tests.ManageRepositoriesTest" time="3.915"/>
  <testcase name="testRemoveRepository" classname="com.lohika.gap.tests.ManageRepositoriesTest" time="5.729"/>
  <testcase name="testRemoveCurrentDescription" classname="com.lohika.gap.tests.RepositoryDescriptionTest" time="4.425"/>
  <testcase name="testSetNewDescription" classname="com.lohika.gap.tests.RepositoryDescriptionTest" time="3.465"/>
  <testcase name="testSetNewDescription_Canceled" classname="com.lohika.gap.tests.RepositoryDescriptionTest" time="2.148"/>
  <testcase name="testSetNewDescription_IncorectWebpage" classname="com.lohika.gap.tests.RepositoryDescriptionTest" time="2.229"/>
  <testcase name="testAddNewFile" classname="com.lohika.gap.tests.RepositoryFilesTest" time="6.85"/>
  <testcase name="testAddNewFile_AlreadyExists" classname="com.lohika.gap.tests.RepositoryFilesTest" time="6.843"/>
  <testcase name="testAddNewFile_Canceled" classname="com.lohika.gap.tests.RepositoryFilesTest" time="9.969"/>
  <testcase name="testEditFile" classname="com.lohika.gap.tests.RepositoryFilesTest" time="8.086"/>
  <testcase name="testUploadFile" classname="com.lohika.gap.tests.RepositoryFilesTest" time="8.571"/>
  <testcase name="testUploadFileViaAUTOIT" classname="com.lohika.gap.tests.RepositoryFilesTest" time="8.057"/>
  <testcase name="testUploadFile_Failed" classname="com.lohika.gap.tests.RepositoryFilesTest" time="3.471"/>
  <testcase name="testRemoveFile" classname="com.lohika.gap.tests.RepositoryFilesTest" time="6.045"/>
  <testcase name="testAddNewEmail" classname="com.lohika.gap.tests.ChangeSettingsTest" time="4.398"/>
  <testcase name="testAddNewEmail_AlreadyExist" classname="com.lohika.gap.tests.ChangeSettingsTest" time="4.405"/>
  <testcase name="testChangeEmailPreferences" classname="com.lohika.gap.tests.ChangeSettingsTest" time="4.819"/>
  <testcase name="testChangePassword_WrongNewPassword" classname="com.lohika.gap.tests.ChangeSettingsTest" time="4.392"/>
  <testcase name="testChangePassword_WrongOldPassword" classname="com.lohika.gap.tests.ChangeSettingsTest" time="4.007"/>
  <testcase name="testChangeUserProfile" classname="com.lohika.gap.tests.ChangeSettingsTest" time="6.498"/>
  <testcase name="testRemoveEmail" classname="com.lohika.gap.tests.ChangeSettingsTest" time="4.427"/>
  <testcase name="testSignout" classname="com.lohika.gap.tests.LoginTest" time="2.411"/>
  <testcase name="testSignin_IncorrectCredentials" classname="com.lohika.gap.tests.LoginTest" time="2.391"/>
  <testcase name="testSignin" classname="com.lohika.gap.tests.LoginTest" time="2.532"/>
</testsuite>