<?xml version="1.0" encoding="UTF-8"?>
<testng-results skipped="0" failed="1" ignored="1" total="35" passed="33">
  <reporter-output>
  </reporter-output>
  <suite name="TestAll" duration-ms="245150" started-at="2017-04-05T12:43:20Z" finished-at="2017-04-05T12:47:25Z">
    <groups>
      <group name="negative">
        <method signature="ChangeSettingsTest.testAddNewEmail_AlreadyExist()[pri:0, instance:com.lohika.gap.tests.ChangeSettingsTest@366e2eef]" name="testAddNewEmail_AlreadyExist" class="com.lohika.gap.tests.ChangeSettingsTest"/>
        <method signature="ChangeSettingsTest.testChangePassword_failed(java.lang.String, java.lang.String, java.lang.String)[pri:0, instance:com.lohika.gap.tests.ChangeSettingsTest@366e2eef]" name="testChangePassword_failed" class="com.lohika.gap.tests.ChangeSettingsTest"/>
        <method signature="LoginTest.testSignin_IncorrectCredentials(java.lang.String, java.lang.String, java.lang.String)[pri:0, instance:com.lohika.gap.tests.LoginTest@6df97b55]" name="testSignin_IncorrectCredentials" class="com.lohika.gap.tests.LoginTest"/>
        <method signature="RepositoryDescriptionTest.testSetNewDescription_IncorectWebpage()[pri:0, instance:com.lohika.gap.tests.RepositoryDescriptionTest@67b6d4ae]" name="testSetNewDescription_IncorectWebpage" class="com.lohika.gap.tests.RepositoryDescriptionTest"/>
        <method signature="RepositoryFilesTest.testAddNewFile_AlreadyExists()[pri:0, instance:com.lohika.gap.tests.RepositoryFilesTest@34b7bfc0]" name="testAddNewFile_AlreadyExists" class="com.lohika.gap.tests.RepositoryFilesTest"/>
        <method signature="RepositoryFilesTest.testAddNewFile_Canceled()[pri:0, instance:com.lohika.gap.tests.RepositoryFilesTest@34b7bfc0]" name="testAddNewFile_Canceled" class="com.lohika.gap.tests.RepositoryFilesTest"/>
        <method signature="RepositoryFilesTest.testUploadFile_Failed()[pri:0, instance:com.lohika.gap.tests.RepositoryFilesTest@34b7bfc0]" name="testUploadFile_Failed" class="com.lohika.gap.tests.RepositoryFilesTest"/>
        <method signature="ManageRepositoriesTest.testCreateNewRepository_Failed(java.lang.String, java.lang.String, java.lang.String)[pri:0, instance:com.lohika.gap.tests.ManageRepositoriesTest@617c74e5]" name="testCreateNewRepository_Failed" class="com.lohika.gap.tests.ManageRepositoriesTest"/>
        <method signature="ManageRepositoriesTest.testRenameRepository_NameAlreadyExist()[pri:0, instance:com.lohika.gap.tests.ManageRepositoriesTest@617c74e5]" name="testRenameRepository_NameAlreadyExist" class="com.lohika.gap.tests.ManageRepositoriesTest"/>
      </group> <!-- negative -->
      <group name="positive">
        <method signature="ChangeSettingsTest.testAddNewEmail()[pri:0, instance:com.lohika.gap.tests.ChangeSettingsTest@366e2eef]" name="testAddNewEmail" class="com.lohika.gap.tests.ChangeSettingsTest"/>
        <method signature="ChangeSettingsTest.testChangeEmailPreferences()[pri:0, instance:com.lohika.gap.tests.ChangeSettingsTest@366e2eef]" name="testChangeEmailPreferences" class="com.lohika.gap.tests.ChangeSettingsTest"/>
        <method signature="ChangeSettingsTest.testChangeUserProfile()[pri:0, instance:com.lohika.gap.tests.ChangeSettingsTest@366e2eef]" name="testChangeUserProfile" class="com.lohika.gap.tests.ChangeSettingsTest"/>
        <method signature="ChangeSettingsTest.testRemoveEmail()[pri:0, instance:com.lohika.gap.tests.ChangeSettingsTest@366e2eef]" name="testRemoveEmail" class="com.lohika.gap.tests.ChangeSettingsTest"/>
        <method signature="LoginTest.testSignout()[pri:0, instance:com.lohika.gap.tests.LoginTest@6df97b55]" name="testSignout" class="com.lohika.gap.tests.LoginTest"/>
        <method signature="LoginTest.testSignin(java.lang.String, java.lang.String)[pri:0, instance:com.lohika.gap.tests.LoginTest@6df97b55]" name="testSignin" class="com.lohika.gap.tests.LoginTest"/>
        <method signature="ManageRepositoriesTest.testCreateNewRepository()[pri:0, instance:com.lohika.gap.tests.ManageRepositoriesTest@617c74e5]" name="testCreateNewRepository" class="com.lohika.gap.tests.ManageRepositoriesTest"/>
        <method signature="ManageRepositoriesTest.testRemoveRepository()[pri:0, instance:com.lohika.gap.tests.ManageRepositoriesTest@617c74e5]" name="testRemoveRepository" class="com.lohika.gap.tests.ManageRepositoriesTest"/>
        <method signature="RepositoryDescriptionTest.testSetNewDescription(java.lang.String, java.lang.String, java.lang.String)[pri:0, instance:com.lohika.gap.tests.RepositoryDescriptionTest@67b6d4ae]" name="testSetNewDescription" class="com.lohika.gap.tests.RepositoryDescriptionTest"/>
        <method signature="RepositoryDescriptionTest.testSetNewDescription_Canceled()[pri:0, instance:com.lohika.gap.tests.RepositoryDescriptionTest@67b6d4ae]" name="testSetNewDescription_Canceled" class="com.lohika.gap.tests.RepositoryDescriptionTest"/>
        <method signature="RepositoryFilesTest.testAddNewFile()[pri:0, instance:com.lohika.gap.tests.RepositoryFilesTest@34b7bfc0]" name="testAddNewFile" class="com.lohika.gap.tests.RepositoryFilesTest"/>
        <method signature="RepositoryFilesTest.testEditFile()[pri:0, instance:com.lohika.gap.tests.RepositoryFilesTest@34b7bfc0]" name="testEditFile" class="com.lohika.gap.tests.RepositoryFilesTest"/>
        <method signature="RepositoryFilesTest.testRemoveFile()[pri:0, instance:com.lohika.gap.tests.RepositoryFilesTest@34b7bfc0]" name="testRemoveFile" class="com.lohika.gap.tests.RepositoryFilesTest"/>
        <method signature="RepositoryFilesTest.testUploadFile()[pri:0, instance:com.lohika.gap.tests.RepositoryFilesTest@34b7bfc0]" name="testUploadFile" class="com.lohika.gap.tests.RepositoryFilesTest"/>
        <method signature="RepositoryFilesTest.testUploadFileViaAUTOIT()[pri:0, instance:com.lohika.gap.tests.RepositoryFilesTest@34b7bfc0]" name="testUploadFileViaAUTOIT" class="com.lohika.gap.tests.RepositoryFilesTest"/>
        <method signature="ManageRepositoriesTest.testRenameRepository()[pri:0, instance:com.lohika.gap.tests.ManageRepositoriesTest@617c74e5]" name="testRenameRepository" class="com.lohika.gap.tests.ManageRepositoriesTest"/>
      </group> <!-- positive -->
    </groups>
    <test name="All_tests" duration-ms="245150" started-at="2017-04-05T12:43:20Z" finished-at="2017-04-05T12:47:25Z">
      <class name="com.lohika.gap.tests.RepositoryFilesTest">
        <test-method status="PASS" signature="SetupMethod(java.lang.String, java.lang.String, com.lohika.gap.core.DriverFactory$BrowserType)[pri:0, instance:com.lohika.gap.tests.RepositoryFilesTest@34b7bfc0]" name="SetupMethod" is-config="true" duration-ms="9601" started-at="2017-04-05T15:44:47Z" finished-at="2017-04-05T15:44:57Z">
          <params>
            <param index="0">
              <value>
                <![CDATA[vvpp03]]>
              </value>
            </param>
            <param index="1">
              <value>
                <![CDATA[12qwaszx]]>
              </value>
            </param>
            <param index="2">
              <value>
                <![CDATA[CHROME]]>
              </value>
            </param>
          </params>
          <reporter-output>
          </reporter-output>
        </test-method> <!-- SetupMethod -->
        <test-method status="PASS" signature="testAddNewFile()[pri:0, instance:com.lohika.gap.tests.RepositoryFilesTest@34b7bfc0]" name="testAddNewFile" duration-ms="9574" started-at="2017-04-05T15:44:57Z" finished-at="2017-04-05T15:45:06Z">
          <reporter-output>
          </reporter-output>
        </test-method> <!-- testAddNewFile -->
        <test-method status="PASS" signature="testAddNewFile_AlreadyExists()[pri:0, instance:com.lohika.gap.tests.RepositoryFilesTest@34b7bfc0]" name="testAddNewFile_AlreadyExists" duration-ms="6123" started-at="2017-04-05T15:45:06Z" finished-at="2017-04-05T15:45:12Z">
          <reporter-output>
          </reporter-output>
        </test-method> <!-- testAddNewFile_AlreadyExists -->
        <test-method status="PASS" signature="testAddNewFile_Canceled()[pri:0, instance:com.lohika.gap.tests.RepositoryFilesTest@34b7bfc0]" name="testAddNewFile_Canceled" duration-ms="11945" started-at="2017-04-05T15:45:12Z" finished-at="2017-04-05T15:45:24Z">
          <reporter-output>
          </reporter-output>
        </test-method> <!-- testAddNewFile_Canceled -->
        <test-method status="PASS" signature="testEditFile()[pri:0, instance:com.lohika.gap.tests.RepositoryFilesTest@34b7bfc0]" name="testEditFile" duration-ms="11281" started-at="2017-04-05T15:45:24Z" finished-at="2017-04-05T15:45:36Z">
          <reporter-output>
          </reporter-output>
        </test-method> <!-- testEditFile -->
        <test-method status="PASS" signature="testUploadFile()[pri:0, instance:com.lohika.gap.tests.RepositoryFilesTest@34b7bfc0]" name="testUploadFile" duration-ms="11827" started-at="2017-04-05T15:45:36Z" finished-at="2017-04-05T15:45:47Z">
          <reporter-output>
          </reporter-output>
        </test-method> <!-- testUploadFile -->
        <test-method status="PASS" signature="testUploadFileViaAUTOIT()[pri:0, instance:com.lohika.gap.tests.RepositoryFilesTest@34b7bfc0]" name="testUploadFileViaAUTOIT" duration-ms="11266" started-at="2017-04-05T15:45:47Z" finished-at="2017-04-05T15:45:59Z">
          <reporter-output>
          </reporter-output>
        </test-method> <!-- testUploadFileViaAUTOIT -->
        <test-method status="PASS" signature="testUploadFile_Failed()[pri:0, instance:com.lohika.gap.tests.RepositoryFilesTest@34b7bfc0]" name="testUploadFile_Failed" duration-ms="3388" started-at="2017-04-05T15:45:59Z" finished-at="2017-04-05T15:46:02Z">
          <reporter-output>
          </reporter-output>
        </test-method> <!-- testUploadFile_Failed -->
        <test-method status="PASS" signature="testRemoveFile()[pri:0, instance:com.lohika.gap.tests.RepositoryFilesTest@34b7bfc0]" name="testRemoveFile" duration-ms="7548" started-at="2017-04-05T15:46:02Z" depends-on-methods="com.lohika.gap.tests.RepositoryFilesTest.testAddNewFile" finished-at="2017-04-05T15:46:10Z">
          <reporter-output>
          </reporter-output>
        </test-method> <!-- testRemoveFile -->
        <test-method status="PASS" signature="cleanMethod()[pri:0, instance:com.lohika.gap.tests.RepositoryFilesTest@34b7bfc0]" name="cleanMethod" is-config="true" duration-ms="700" started-at="2017-04-05T15:46:10Z" finished-at="2017-04-05T15:46:10Z">
          <reporter-output>
          </reporter-output>
        </test-method> <!-- cleanMethod -->
      </class> <!-- com.lohika.gap.tests.RepositoryFilesTest -->
      <class name="com.lohika.gap.tests.LoginTest">
        <test-method status="PASS" signature="SetupMethod(java.lang.String, java.lang.String, com.lohika.gap.core.DriverFactory$BrowserType)[pri:0, instance:com.lohika.gap.tests.LoginTest@6df97b55]" name="SetupMethod" is-config="true" duration-ms="10738" started-at="2017-04-05T15:47:00Z" finished-at="2017-04-05T15:47:10Z">
          <params>
            <param index="0">
              <value>
                <![CDATA[vvpp03]]>
              </value>
            </param>
            <param index="1">
              <value>
                <![CDATA[12qwaszx]]>
              </value>
            </param>
            <param index="2">
              <value>
                <![CDATA[CHROME]]>
              </value>
            </param>
          </params>
          <reporter-output>
          </reporter-output>
        </test-method> <!-- SetupMethod -->
        <test-method status="PASS" signature="testSignout()[pri:0, instance:com.lohika.gap.tests.LoginTest@6df97b55]" name="testSignout" duration-ms="2796" started-at="2017-04-05T15:47:10Z" finished-at="2017-04-05T15:47:13Z">
          <reporter-output>
          </reporter-output>
        </test-method> <!-- testSignout -->
        <test-method status="PASS" signature="testSignin_IncorrectCredentials(java.lang.String, java.lang.String, java.lang.String)[pri:0, instance:com.lohika.gap.tests.LoginTest@6df97b55]" name="testSignin_IncorrectCredentials" duration-ms="1393" started-at="2017-04-05T15:47:13Z" data-provider="IncorrectCredentials" depends-on-methods="com.lohika.gap.tests.LoginTest.testSignout" finished-at="2017-04-05T15:47:15Z">
          <params>
            <param index="0">
              <value>
                <![CDATA[vvpp03]]>
              </value>
            </param>
            <param index="1">
              <value>
                <![CDATA[12abcd]]>
              </value>
            </param>
            <param index="2">
              <value>
                <![CDATA[Incorrect username or password.]]>
              </value>
            </param>
          </params>
          <reporter-output>
          </reporter-output>
        </test-method> <!-- testSignin_IncorrectCredentials -->
        <test-method status="PASS" signature="testSignin_IncorrectCredentials(java.lang.String, java.lang.String, java.lang.String)[pri:0, instance:com.lohika.gap.tests.LoginTest@6df97b55]" name="testSignin_IncorrectCredentials" duration-ms="1624" started-at="2017-04-05T15:47:15Z" data-provider="IncorrectCredentials" depends-on-methods="com.lohika.gap.tests.LoginTest.testSignout" finished-at="2017-04-05T15:47:16Z">
          <params>
            <param index="0">
              <value>
                <![CDATA[abcd]]>
              </value>
            </param>
            <param index="1">
              <value>
                <![CDATA[abcd]]>
              </value>
            </param>
            <param index="2">
              <value>
                <![CDATA[Incorrect username or password.]]>
              </value>
            </param>
          </params>
          <reporter-output>
          </reporter-output>
        </test-method> <!-- testSignin_IncorrectCredentials -->
        <test-method status="PASS" signature="testSignin_IncorrectCredentials(java.lang.String, java.lang.String, java.lang.String)[pri:0, instance:com.lohika.gap.tests.LoginTest@6df97b55]" name="testSignin_IncorrectCredentials" duration-ms="1215" started-at="2017-04-05T15:47:16Z" data-provider="IncorrectCredentials" depends-on-methods="com.lohika.gap.tests.LoginTest.testSignout" finished-at="2017-04-05T15:47:17Z">
          <params>
            <param index="0">
              <value>
                <![CDATA[abcd]]>
              </value>
            </param>
            <param index="1">
              <value>
                <![CDATA[]]>
              </value>
            </param>
            <param index="2">
              <value>
                <![CDATA[Incorrect username or password.]]>
              </value>
            </param>
          </params>
          <reporter-output>
          </reporter-output>
        </test-method> <!-- testSignin_IncorrectCredentials -->
        <test-method status="PASS" signature="testSignin_IncorrectCredentials(java.lang.String, java.lang.String, java.lang.String)[pri:0, instance:com.lohika.gap.tests.LoginTest@6df97b55]" name="testSignin_IncorrectCredentials" duration-ms="1230" started-at="2017-04-05T15:47:17Z" data-provider="IncorrectCredentials" depends-on-methods="com.lohika.gap.tests.LoginTest.testSignout" finished-at="2017-04-05T15:47:19Z">
          <params>
            <param index="0">
              <value>
                <![CDATA[]]>
              </value>
            </param>
            <param index="1">
              <value>
                <![CDATA[abcd]]>
              </value>
            </param>
            <param index="2">
              <value>
                <![CDATA[Incorrect username or password.]]>
              </value>
            </param>
          </params>
          <reporter-output>
          </reporter-output>
        </test-method> <!-- testSignin_IncorrectCredentials -->
        <test-method status="PASS" signature="testSignin_IncorrectCredentials(java.lang.String, java.lang.String, java.lang.String)[pri:0, instance:com.lohika.gap.tests.LoginTest@6df97b55]" name="testSignin_IncorrectCredentials" duration-ms="1228" started-at="2017-04-05T15:47:19Z" data-provider="IncorrectCredentials" depends-on-methods="com.lohika.gap.tests.LoginTest.testSignout" finished-at="2017-04-05T15:47:20Z">
          <params>
            <param index="0">
              <value>
                <![CDATA[]]>
              </value>
            </param>
            <param index="1">
              <value>
                <![CDATA[]]>
              </value>
            </param>
            <param index="2">
              <value>
                <![CDATA[Incorrect username or password.]]>
              </value>
            </param>
          </params>
          <reporter-output>
          </reporter-output>
        </test-method> <!-- testSignin_IncorrectCredentials -->
        <test-method status="PASS" signature="testSignin(java.lang.String, java.lang.String)[pri:0, instance:com.lohika.gap.tests.LoginTest@6df97b55]" name="testSignin" duration-ms="3960" started-at="2017-04-05T15:47:20Z" depends-on-methods="com.lohika.gap.tests.LoginTest.testSignin_IncorrectCredentials" finished-at="2017-04-05T15:47:24Z">
          <params>
            <param index="0">
              <value>
                <![CDATA[vvpp03]]>
              </value>
            </param>
            <param index="1">
              <value>
                <![CDATA[12qwaszx]]>
              </value>
            </param>
          </params>
          <reporter-output>
          </reporter-output>
        </test-method> <!-- testSignin -->
        <test-method status="PASS" signature="cleanMethod()[pri:0, instance:com.lohika.gap.tests.LoginTest@6df97b55]" name="cleanMethod" is-config="true" duration-ms="766" started-at="2017-04-05T15:47:24Z" finished-at="2017-04-05T15:47:25Z">
          <reporter-output>
          </reporter-output>
        </test-method> <!-- cleanMethod -->
      </class> <!-- com.lohika.gap.tests.LoginTest -->
      <class name="com.lohika.gap.tests.ManageRepositoriesTest">
        <test-method status="PASS" signature="SetupMethod(java.lang.String, java.lang.String, com.lohika.gap.core.DriverFactory$BrowserType)[pri:0, instance:com.lohika.gap.tests.ManageRepositoriesTest@617c74e5]" name="SetupMethod" is-config="true" duration-ms="15462" started-at="2017-04-05T15:43:20Z" finished-at="2017-04-05T15:43:35Z">
          <params>
            <param index="0">
              <value>
                <![CDATA[vvpp03]]>
              </value>
            </param>
            <param index="1">
              <value>
                <![CDATA[12qwaszx]]>
              </value>
            </param>
            <param index="2">
              <value>
                <![CDATA[CHROME]]>
              </value>
            </param>
          </params>
          <reporter-output>
          </reporter-output>
        </test-method> <!-- SetupMethod -->
        <test-method status="PASS" signature="testCreateNewRepository()[pri:0, instance:com.lohika.gap.tests.ManageRepositoriesTest@617c74e5]" name="testCreateNewRepository" duration-ms="7756" started-at="2017-04-05T15:43:35Z" finished-at="2017-04-05T15:43:43Z">
          <reporter-output>
          </reporter-output>
        </test-method> <!-- testCreateNewRepository -->
        <test-method status="PASS" signature="testCreateNewRepository_Failed(java.lang.String, java.lang.String, java.lang.String)[pri:0, instance:com.lohika.gap.tests.ManageRepositoriesTest@617c74e5]" name="testCreateNewRepository_Failed" duration-ms="8619" started-at="2017-04-05T15:43:43Z" data-provider="IncorrectRepositoryName" finished-at="2017-04-05T15:43:51Z">
          <params>
            <param index="0">
              <value>
                <![CDATA[ABC]]>
              </value>
            </param>
            <param index="1">
              <value>
                <![CDATA[Creating already existing repository]]>
              </value>
            </param>
            <param index="2">
              <value>
                <![CDATA[Repository creation failed.]]>
              </value>
            </param>
          </params>
          <reporter-output>
          </reporter-output>
        </test-method> <!-- testCreateNewRepository_Failed -->
        <test-method status="PASS" signature="testCreateNewRepository_Failed(java.lang.String, java.lang.String, java.lang.String)[pri:0, instance:com.lohika.gap.tests.ManageRepositoriesTest@617c74e5]" name="testCreateNewRepository_Failed" duration-ms="6457" started-at="2017-04-05T15:43:51Z" data-provider="IncorrectRepositoryName" finished-at="2017-04-05T15:43:58Z">
          <params>
            <param index="0">
              <value>
                <![CDATA[]]>
              </value>
            </param>
            <param index="1">
              <value>
                <![CDATA[Repository without name]]>
              </value>
            </param>
            <param index="2">
              <value>
                <![CDATA[Repository creation failed.]]>
              </value>
            </param>
          </params>
          <reporter-output>
          </reporter-output>
        </test-method> <!-- testCreateNewRepository_Failed -->
        <test-method status="PASS" signature="testRenameRepository()[pri:0, instance:com.lohika.gap.tests.ManageRepositoriesTest@617c74e5]" name="testRenameRepository" duration-ms="8302" started-at="2017-04-05T15:43:58Z" finished-at="2017-04-05T15:44:06Z">
          <reporter-output>
          </reporter-output>
        </test-method> <!-- testRenameRepository -->
        <test-method status="PASS" signature="testRenameRepository_NameAlreadyExist()[pri:0, instance:com.lohika.gap.tests.ManageRepositoriesTest@617c74e5]" name="testRenameRepository_NameAlreadyExist" duration-ms="3981" started-at="2017-04-05T15:44:06Z" finished-at="2017-04-05T15:44:10Z">
          <reporter-output>
          </reporter-output>
        </test-method> <!-- testRenameRepository_NameAlreadyExist -->
        <test-method status="PASS" signature="testRemoveRepository()[pri:0, instance:com.lohika.gap.tests.ManageRepositoriesTest@617c74e5]" name="testRemoveRepository" duration-ms="6378" started-at="2017-04-05T15:44:10Z" depends-on-methods="com.lohika.gap.tests.ManageRepositoriesTest.testCreateNewRepository" finished-at="2017-04-05T15:44:17Z">
          <reporter-output>
          </reporter-output>
        </test-method> <!-- testRemoveRepository -->
        <test-method status="PASS" signature="cleanMethod()[pri:0, instance:com.lohika.gap.tests.ManageRepositoriesTest@617c74e5]" name="cleanMethod" is-config="true" duration-ms="1426" started-at="2017-04-05T15:44:17Z" finished-at="2017-04-05T15:44:18Z">
          <reporter-output>
          </reporter-output>
        </test-method> <!-- cleanMethod -->
      </class> <!-- com.lohika.gap.tests.ManageRepositoriesTest -->
      <class name="com.lohika.gap.tests.RepositoryDescriptionTest">
        <test-method status="PASS" signature="SetupMethod(java.lang.String, java.lang.String, com.lohika.gap.core.DriverFactory$BrowserType)[pri:0, instance:com.lohika.gap.tests.RepositoryDescriptionTest@67b6d4ae]" name="SetupMethod" is-config="true" duration-ms="12319" started-at="2017-04-05T15:44:18Z" finished-at="2017-04-05T15:44:30Z">
          <params>
            <param index="0">
              <value>
                <![CDATA[vvpp03]]>
              </value>
            </param>
            <param index="1">
              <value>
                <![CDATA[12qwaszx]]>
              </value>
            </param>
            <param index="2">
              <value>
                <![CDATA[CHROME]]>
              </value>
            </param>
          </params>
          <reporter-output>
          </reporter-output>
        </test-method> <!-- SetupMethod -->
        <test-method status="PASS" signature="testSetNewDescription(java.lang.String, java.lang.String, java.lang.String)[pri:0, instance:com.lohika.gap.tests.RepositoryDescriptionTest@67b6d4ae]" name="testSetNewDescription" duration-ms="5636" started-at="2017-04-05T15:44:30Z" data-provider="RepositoryDescriptions" finished-at="2017-04-05T15:44:36Z">
          <params>
            <param index="0">
              <value>
                <![CDATA[Test test]]>
              </value>
            </param>
            <param index="1">
              <value>
                <![CDATA[https://www.skype.com]]>
              </value>
            </param>
            <param index="2">
              <value>
                <![CDATA[Test test]]>
              </value>
            </param>
          </params>
          <reporter-output>
          </reporter-output>
        </test-method> <!-- testSetNewDescription -->
        <test-method status="PASS" signature="testSetNewDescription(java.lang.String, java.lang.String, java.lang.String)[pri:0, instance:com.lohika.gap.tests.RepositoryDescriptionTest@67b6d4ae]" name="testSetNewDescription" duration-ms="3189" started-at="2017-04-05T15:44:36Z" data-provider="RepositoryDescriptions" finished-at="2017-04-05T15:44:39Z">
          <params>
            <param index="0">
              <value>
                <![CDATA[Test]]>
              </value>
            </param>
            <param index="1">
              <value>
                <![CDATA[]]>
              </value>
            </param>
            <param index="2">
              <value>
                <![CDATA[Test]]>
              </value>
            </param>
          </params>
          <reporter-output>
          </reporter-output>
        </test-method> <!-- testSetNewDescription -->
        <test-method status="PASS" signature="testSetNewDescription(java.lang.String, java.lang.String, java.lang.String)[pri:0, instance:com.lohika.gap.tests.RepositoryDescriptionTest@67b6d4ae]" name="testSetNewDescription" duration-ms="3139" started-at="2017-04-05T15:44:39Z" data-provider="RepositoryDescriptions" finished-at="2017-04-05T15:44:42Z">
          <params>
            <param index="0">
              <value>
                <![CDATA[]]>
              </value>
            </param>
            <param index="1">
              <value>
                <![CDATA[]]>
              </value>
            </param>
            <param index="2">
              <value>
                <![CDATA[No description, website, or topics provided.]]>
              </value>
            </param>
          </params>
          <reporter-output>
          </reporter-output>
        </test-method> <!-- testSetNewDescription -->
        <test-method status="PASS" signature="testSetNewDescription_Canceled()[pri:0, instance:com.lohika.gap.tests.RepositoryDescriptionTest@67b6d4ae]" name="testSetNewDescription_Canceled" duration-ms="2149" started-at="2017-04-05T15:44:42Z" finished-at="2017-04-05T15:44:44Z">
          <reporter-output>
          </reporter-output>
        </test-method> <!-- testSetNewDescription_Canceled -->
        <test-method status="PASS" signature="testSetNewDescription_IncorectWebpage()[pri:0, instance:com.lohika.gap.tests.RepositoryDescriptionTest@67b6d4ae]" name="testSetNewDescription_IncorectWebpage" duration-ms="2082" started-at="2017-04-05T15:44:44Z" finished-at="2017-04-05T15:44:46Z">
          <reporter-output>
          </reporter-output>
        </test-method> <!-- testSetNewDescription_IncorectWebpage -->
        <test-method status="PASS" signature="cleanMethod()[pri:0, instance:com.lohika.gap.tests.RepositoryDescriptionTest@67b6d4ae]" name="cleanMethod" is-config="true" duration-ms="655" started-at="2017-04-05T15:44:46Z" finished-at="2017-04-05T15:44:47Z">
          <reporter-output>
          </reporter-output>
        </test-method> <!-- cleanMethod -->
      </class> <!-- com.lohika.gap.tests.RepositoryDescriptionTest -->
      <class name="com.lohika.gap.tests.ChangeSettingsTest">
        <test-method status="PASS" signature="SetupMethod(java.lang.String, java.lang.String, com.lohika.gap.core.DriverFactory$BrowserType)[pri:0, instance:com.lohika.gap.tests.ChangeSettingsTest@366e2eef]" name="SetupMethod" is-config="true" duration-ms="11036" started-at="2017-04-05T15:46:10Z" finished-at="2017-04-05T15:46:21Z">
          <params>
            <param index="0">
              <value>
                <![CDATA[vvpp03]]>
              </value>
            </param>
            <param index="1">
              <value>
                <![CDATA[12qwaszx]]>
              </value>
            </param>
            <param index="2">
              <value>
                <![CDATA[CHROME]]>
              </value>
            </param>
          </params>
          <reporter-output>
          </reporter-output>
        </test-method> <!-- SetupMethod -->
        <test-method status="PASS" signature="testAddNewEmail()[pri:0, instance:com.lohika.gap.tests.ChangeSettingsTest@366e2eef]" name="testAddNewEmail" duration-ms="4347" started-at="2017-04-05T15:46:21Z" finished-at="2017-04-05T15:46:26Z">
          <reporter-output>
          </reporter-output>
        </test-method> <!-- testAddNewEmail -->
        <test-method status="PASS" signature="testAddNewEmail_AlreadyExist()[pri:0, instance:com.lohika.gap.tests.ChangeSettingsTest@366e2eef]" name="testAddNewEmail_AlreadyExist" duration-ms="4572" started-at="2017-04-05T15:46:26Z" finished-at="2017-04-05T15:46:30Z">
          <reporter-output>
          </reporter-output>
        </test-method> <!-- testAddNewEmail_AlreadyExist -->
        <test-method status="PASS" signature="testChangeEmailPreferences()[pri:0, instance:com.lohika.gap.tests.ChangeSettingsTest@366e2eef]" name="testChangeEmailPreferences" duration-ms="7541" started-at="2017-04-05T15:46:30Z" finished-at="2017-04-05T15:46:38Z">
          <reporter-output>
          </reporter-output>
        </test-method> <!-- testChangeEmailPreferences -->
        <test-method status="PASS" signature="testChangePassword_failed(java.lang.String, java.lang.String, java.lang.String)[pri:0, instance:com.lohika.gap.tests.ChangeSettingsTest@366e2eef]" name="testChangePassword_failed" duration-ms="4346" started-at="2017-04-05T15:46:38Z" data-provider="IncorrectPasswords" finished-at="2017-04-05T15:46:42Z">
          <params>
            <param index="0">
              <value>
                <![CDATA[qwerty]]>
              </value>
            </param>
            <param index="1">
              <value>
                <![CDATA[1q2w3e4r]]>
              </value>
            </param>
            <param index="2">
              <value>
                <![CDATA[Old password isn't valid]]>
              </value>
            </param>
          </params>
          <reporter-output>
          </reporter-output>
        </test-method> <!-- testChangePassword_failed -->
        <test-method status="PASS" signature="testChangePassword_failed(java.lang.String, java.lang.String, java.lang.String)[pri:0, instance:com.lohika.gap.tests.ChangeSettingsTest@366e2eef]" name="testChangePassword_failed" duration-ms="4554" started-at="2017-04-05T15:46:42Z" data-provider="IncorrectPasswords" finished-at="2017-04-05T15:46:47Z">
          <params>
            <param index="0">
              <value>
                <![CDATA[12qwaszx]]>
              </value>
            </param>
            <param index="1">
              <value>
                <![CDATA[1q]]>
              </value>
            </param>
            <param index="2">
              <value>
                <![CDATA[Password is too short (minimum is 7 characters)]]>
              </value>
            </param>
          </params>
          <reporter-output>
          </reporter-output>
        </test-method> <!-- testChangePassword_failed -->
        <test-method status="FAIL" signature="testChangePassword_failed(java.lang.String, java.lang.String, java.lang.String)[pri:0, instance:com.lohika.gap.tests.ChangeSettingsTest@366e2eef]" name="testChangePassword_failed" duration-ms="384" started-at="2017-04-05T15:46:47Z" data-provider="IncorrectPasswords" finished-at="2017-04-05T15:46:47Z">
          <params>
            <param index="0">
              <value>
                <![CDATA[1q]]>
              </value>
            </param>
            <param index="1">
              <value>
                <![CDATA[1q]]>
              </value>
            </param>
            <param index="2">
              <value>
                <![CDATA[Password is too short (minimum is 7 characters) and Old password isn't valid]]>
              </value>
            </param>
          </params>
          <exception class="org.openqa.selenium.ElementNotVisibleException">
            <message>
              <![CDATA[element not visible
  (Session info: chrome=57.0.2987.133)
  (Driver info: chromedriver=2.29.461591 (62ebf098771772160f391d75e589dc567915b233),platform=Windows NT 6.1.7601 SP1 x86_64) (WARNING: The server did not provide any stacktrace information)
Command duration or timeout: 77 milliseconds
Build info: version: '3.0.1', revision: '1969d75', time: '2016-10-18 09:49:13 -0700'
System info: host: 'vova-pc', ip: '172.22.160.112', os.name: 'Windows 7', os.arch: 'amd64', os.version: '6.1', java.version: '1.8.0_73'
Driver info: org.openqa.selenium.chrome.ChromeDriver
Capabilities [{applicationCacheEnabled=false, rotatable=false, mobileEmulationEnabled=false, networkConnectionEnabled=false, chrome={chromedriverVersion=2.29.461591 (62ebf098771772160f391d75e589dc567915b233), userDataDir=C:\Users\vova\AppData\Local\Temp\scoped_dir6896_7591}, takesHeapSnapshot=true, pageLoadStrategy=normal, databaseEnabled=false, handlesAlerts=true, hasTouchScreen=false, version=57.0.2987.133, platform=XP, browserConnectionEnabled=false, nativeEvents=true, acceptSslCerts=true, locationContextEnabled=true, webStorageEnabled=true, browserName=chrome, takesScreenshot=true, javascriptEnabled=true, cssSelectorsEnabled=true, unexpectedAlertBehaviour=}]
Session ID: 8d8f5021507dd16dfe879a48b9d36450]]>
            </message>
            <full-stacktrace>
              <![CDATA[org.openqa.selenium.ElementNotVisibleException: element not visible
  (Session info: chrome=57.0.2987.133)
  (Driver info: chromedriver=2.29.461591 (62ebf098771772160f391d75e589dc567915b233),platform=Windows NT 6.1.7601 SP1 x86_64) (WARNING: The server did not provide any stacktrace information)
Command duration or timeout: 77 milliseconds
Build info: version: '3.0.1', revision: '1969d75', time: '2016-10-18 09:49:13 -0700'
System info: host: 'vova-pc', ip: '172.22.160.112', os.name: 'Windows 7', os.arch: 'amd64', os.version: '6.1', java.version: '1.8.0_73'
Driver info: org.openqa.selenium.chrome.ChromeDriver
Capabilities [{applicationCacheEnabled=false, rotatable=false, mobileEmulationEnabled=false, networkConnectionEnabled=false, chrome={chromedriverVersion=2.29.461591 (62ebf098771772160f391d75e589dc567915b233), userDataDir=C:\Users\vova\AppData\Local\Temp\scoped_dir6896_7591}, takesHeapSnapshot=true, pageLoadStrategy=normal, databaseEnabled=false, handlesAlerts=true, hasTouchScreen=false, version=57.0.2987.133, platform=XP, browserConnectionEnabled=false, nativeEvents=true, acceptSslCerts=true, locationContextEnabled=true, webStorageEnabled=true, browserName=chrome, takesScreenshot=true, javascriptEnabled=true, cssSelectorsEnabled=true, unexpectedAlertBehaviour=}]
Session ID: 8d8f5021507dd16dfe879a48b9d36450
	at sun.reflect.NativeConstructorAccessorImpl.newInstance0(Native Method)
	at sun.reflect.NativeConstructorAccessorImpl.newInstance(NativeConstructorAccessorImpl.java:62)
	at sun.reflect.DelegatingConstructorAccessorImpl.newInstance(DelegatingConstructorAccessorImpl.java:45)
	at java.lang.reflect.Constructor.newInstance(Constructor.java:422)
	at org.openqa.selenium.remote.ErrorHandler.createThrowable(ErrorHandler.java:216)
	at org.openqa.selenium.remote.ErrorHandler.throwIfResponseFailed(ErrorHandler.java:168)
	at org.openqa.selenium.remote.RemoteWebDriver.execute(RemoteWebDriver.java:635)
	at org.openqa.selenium.remote.RemoteWebElement.execute(RemoteWebElement.java:274)
	at org.openqa.selenium.remote.RemoteWebElement.click(RemoteWebElement.java:84)
	at sun.reflect.GeneratedMethodAccessor2.invoke(Unknown Source)
	at sun.reflect.DelegatingMethodAccessorImpl.invoke(DelegatingMethodAccessorImpl.java:43)
	at java.lang.reflect.Method.invoke(Method.java:497)
	at org.openqa.selenium.support.pagefactory.internal.LocatingElementHandler.invoke(LocatingElementHandler.java:51)
	at com.sun.proxy.$Proxy7.click(Unknown Source)
	at com.lohika.gap.core.BasePage.clickOnElement(BasePage.java:28)
	at com.lohika.gap.pages.HomePage.openAccountPage(HomePage.java:68)
	at com.lohika.gap.tests.ChangeSettingsTest.testChangePassword_failed(ChangeSettingsTest.java:20)
	at sun.reflect.NativeMethodAccessorImpl.invoke0(Native Method)
	at sun.reflect.NativeMethodAccessorImpl.invoke(NativeMethodAccessorImpl.java:62)
	at sun.reflect.DelegatingMethodAccessorImpl.invoke(DelegatingMethodAccessorImpl.java:43)
	at java.lang.reflect.Method.invoke(Method.java:497)
	at org.testng.internal.MethodInvocationHelper.invokeMethod(MethodInvocationHelper.java:104)
	at org.testng.internal.Invoker.invokeMethod(Invoker.java:645)
	at org.testng.internal.Invoker.invokeTestMethod(Invoker.java:851)
	at org.testng.internal.Invoker.invokeTestMethods(Invoker.java:1177)
	at org.testng.internal.TestMethodWorker.invokeTestMethods(TestMethodWorker.java:129)
	at org.testng.internal.TestMethodWorker.run(TestMethodWorker.java:112)
	at org.testng.TestRunner.privateRun(TestRunner.java:756)
	at org.testng.TestRunner.run(TestRunner.java:610)
	at org.testng.SuiteRunner.runTest(SuiteRunner.java:387)
	at org.testng.SuiteRunner.runSequentially(SuiteRunner.java:382)
	at org.testng.SuiteRunner.privateRun(SuiteRunner.java:340)
	at org.testng.SuiteRunner.run(SuiteRunner.java:289)
	at org.testng.SuiteRunnerWorker.runSuite(SuiteRunnerWorker.java:52)
	at org.testng.SuiteRunnerWorker.run(SuiteRunnerWorker.java:86)
	at org.testng.TestNG.runSuitesSequentially(TestNG.java:1293)
	at org.testng.TestNG.runSuitesLocally(TestNG.java:1218)
	at org.testng.TestNG.runSuites(TestNG.java:1133)
	at org.testng.TestNG.run(TestNG.java:1104)
	at org.apache.maven.surefire.testng.TestNGExecutor.run(TestNGExecutor.java:281)
	at org.apache.maven.surefire.testng.TestNGXmlTestSuite.execute(TestNGXmlTestSuite.java:75)
	at org.apache.maven.surefire.testng.TestNGProvider.invoke(TestNGProvider.java:121)
	at org.apache.maven.surefire.booter.ForkedBooter.invokeProviderInSameClassLoader(ForkedBooter.java:290)
	at org.apache.maven.surefire.booter.ForkedBooter.runSuitesInProcess(ForkedBooter.java:242)
	at org.apache.maven.surefire.booter.ForkedBooter.main(ForkedBooter.java:121)
]]>
            </full-stacktrace>
          </exception> <!-- org.openqa.selenium.ElementNotVisibleException -->
          <reporter-output>
          </reporter-output>
        </test-method> <!-- testChangePassword_failed -->
        <test-method status="PASS" signature="testChangeUserProfile()[pri:0, instance:com.lohika.gap.tests.ChangeSettingsTest@366e2eef]" name="testChangeUserProfile" duration-ms="6604" started-at="2017-04-05T15:46:47Z" finished-at="2017-04-05T15:46:54Z">
          <reporter-output>
          </reporter-output>
        </test-method> <!-- testChangeUserProfile -->
        <test-method status="PASS" signature="testRemoveEmail()[pri:0, instance:com.lohika.gap.tests.ChangeSettingsTest@366e2eef]" name="testRemoveEmail" duration-ms="5237" started-at="2017-04-05T15:46:54Z" depends-on-methods="com.lohika.gap.tests.ChangeSettingsTest.testAddNewEmail" finished-at="2017-04-05T15:46:59Z">
          <reporter-output>
          </reporter-output>
        </test-method> <!-- testRemoveEmail -->
        <test-method status="PASS" signature="cleanMethod()[pri:0, instance:com.lohika.gap.tests.ChangeSettingsTest@366e2eef]" name="cleanMethod" is-config="true" duration-ms="692" started-at="2017-04-05T15:46:59Z" finished-at="2017-04-05T15:47:00Z">
          <reporter-output>
          </reporter-output>
        </test-method> <!-- cleanMethod -->
      </class> <!-- com.lohika.gap.tests.ChangeSettingsTest -->
    </test> <!-- All_tests -->
  </suite> <!-- TestAll -->
</testng-results>
